0 info it worked if it ends with ok
1 verbose cli [ '/usr/local/bin/node',
1 verbose cli   '/usr/local/bin/npm',
1 verbose cli   'install',
1 verbose cli   '--save',
1 verbose cli   'angular-dragdrop' ]
2 info using npm@1.3.21
3 info using node@v0.10.24
4 warn package.json teamplayerranking@0.0.0 No description
5 warn package.json teamplayerranking@0.0.0 No repository field.
6 warn package.json teamplayerranking@0.0.0 No README data
7 verbose readDependencies using package.json deps
8 verbose cache add [ 'angular-dragdrop', null ]
9 verbose cache add name=undefined spec="angular-dragdrop" args=["angular-dragdrop",null]
10 verbose parsed url { protocol: null,
10 verbose parsed url   slashes: null,
10 verbose parsed url   auth: null,
10 verbose parsed url   host: null,
10 verbose parsed url   port: null,
10 verbose parsed url   hostname: null,
10 verbose parsed url   hash: null,
10 verbose parsed url   search: null,
10 verbose parsed url   query: null,
10 verbose parsed url   pathname: 'angular-dragdrop',
10 verbose parsed url   path: 'angular-dragdrop',
10 verbose parsed url   href: 'angular-dragdrop' }
11 silly lockFile 8f7ec72d-angular-dragdrop angular-dragdrop
12 verbose lock angular-dragdrop /home/msolari/.npm/8f7ec72d-angular-dragdrop.lock
13 silly lockFile 8f7ec72d-angular-dragdrop angular-dragdrop
14 silly lockFile 8f7ec72d-angular-dragdrop angular-dragdrop
15 verbose addNamed [ 'angular-dragdrop', '' ]
16 verbose addNamed [ null, '*' ]
17 silly lockFile 9ef242d2-angular-dragdrop angular-dragdrop@
18 verbose lock angular-dragdrop@ /home/msolari/.npm/9ef242d2-angular-dragdrop.lock
19 silly addNameRange { name: 'angular-dragdrop', range: '*', hasData: false }
20 verbose url raw angular-dragdrop
21 verbose url resolving [ 'https://registry.npmjs.org/', './angular-dragdrop' ]
22 verbose url resolved https://registry.npmjs.org/angular-dragdrop
23 info trying registry request attempt 1 at 15:02:32
24 http GET https://registry.npmjs.org/angular-dragdrop
25 http 404 https://registry.npmjs.org/angular-dragdrop
26 silly registry.get cb [ 404,
26 silly registry.get   { date: 'Fri, 16 May 2014 13:05:11 GMT',
26 silly registry.get     server: 'CouchDB/1.5.0 (Erlang OTP/R16B)',
26 silly registry.get     'content-type': 'application/json',
26 silly registry.get     via: '1.1 varnish',
26 silly registry.get     'cache-control': 'max-age=0',
26 silly registry.get     'content-length': '52',
26 silly registry.get     'accept-ranges': 'bytes',
26 silly registry.get     age: '0',
26 silly registry.get     'x-served-by': 'cache-v43-ASH, cache-fra1235-FRA',
26 silly registry.get     'x-cache': 'MISS, MISS',
26 silly registry.get     'x-cache-hits': '0, 0',
26 silly registry.get     'x-timer': 'S1400245511.772547007,VS0,VS44,VE137,VE182',
26 silly registry.get     'keep-alive': 'timeout=10, max=50',
26 silly registry.get     connection: 'Keep-Alive' } ]
27 silly lockFile 9ef242d2-angular-dragdrop angular-dragdrop@
28 silly lockFile 9ef242d2-angular-dragdrop angular-dragdrop@
29 error 404 'angular-dragdrop' is not in the npm registry.
29 error 404 You should bug the author to publish it
29 error 404
29 error 404 Note that you can also install from a
29 error 404 tarball, folder, or http url, or git url.
30 error System Linux 2.6.32-431.3.1.el6.x86_64
31 error command "/usr/local/bin/node" "/usr/local/bin/npm" "install" "--save" "angular-dragdrop"
32 error cwd /var/www/html/teamplayerranking
33 error node -v v0.10.24
34 error npm -v 1.3.21
35 error code E404
36 verbose exit [ 1, true ]
